<?xml version="1.0" encoding="utf-8"?><testsuites><testsuite name="pytest" errors="0" failures="0" skipped="0" tests="3" time="2.120" timestamp="2024-03-13T10:21:38.441732" hostname="labdoo-00046524"><testcase classname="examples_rclpy_executors.executors.test.test_copyright" name="test_copyright" time="1.178" /><testcase classname="examples_rclpy_executors.executors.test.test_flake8" name="test_flake8" time="0.587" /><testcase classname="examples_rclpy_executors.executors.test.test_pep257" name="test_pep257" time="0.110" /></testsuite></testsuites>