<?xml version="1.0" encoding="UTF-8"?>
<Site BuildName="(empty)"
	BuildStamp="20240313-0921-Experimental"
	Name="labdoo-00046524"
	Generator="ctest-3.22.1"
	CompilerName="/usr/bin/c++"
	CompilerVersion="11.4.0"
	OSName="Linux"
	Hostname="labdoo-00046524"
	OSRelease="5.15.0-100-generic"
	OSVersion="#110-Ubuntu SMP Wed Feb 7 13:27:48 UTC 2024"
	OSPlatform="x86_64"
	Is64Bits="1"
	VendorString="GenuineIntel"
	VendorID="Intel Corporation"
	FamilyID="6"
	ModelID="69"
	ProcessorCacheSize="3072"
	NumberOfLogicalCPU="4"
	NumberOfPhysicalCPU="2"
	TotalVirtualMemory="2047"
	TotalPhysicalMemory="7842"
	LogicalProcessorsPerPhysical="2"
	ProcessorClockFrequency="2494.33"
	>
	<Testing>
		<StartDateTime>Mar 13 10:21 CET</StartDateTime>
		<StartTestTime>1710321689</StartTestTime>
		<TestList>
			<Test>./copyright</Test>
			<Test>./cppcheck</Test>
			<Test>./cpplint</Test>
			<Test>./lint_cmake</Test>
			<Test>./uncrustify</Test>
			<Test>./xmllint</Test>
		</TestList>
		<Test Status="passed">
			<Name>copyright</Name>
			<Path>.</Path>
			<FullName>./copyright</FullName>
			<FullCommandLine>/usr/bin/python3.10 "-u" "/opt/ros/iron/share/ament_cmake_test/cmake/run_test.py" "/home/labdoo/ros2_ws/build/examples_rclcpp_minimal_publisher/test_results/examples_rclcpp_minimal_publisher/copyright.xunit.xml" "--package-name" "examples_rclcpp_minimal_publisher" "--output-file" "/home/labdoo/ros2_ws/build/examples_rclcpp_minimal_publisher/ament_copyright/copyright.txt" "--command" "/opt/ros/iron/bin/ament_copyright" "--xunit-file" "/home/labdoo/ros2_ws/build/examples_rclcpp_minimal_publisher/test_results/examples_rclcpp_minimal_publisher/copyright.xunit.xml"</FullCommandLine>
			<Results>
				<NamedMeasurement type="numeric/double" name="Execution Time">
					<Value>1.12689</Value>
				</NamedMeasurement>
				<NamedMeasurement type="numeric/double" name="Processors">
					<Value>1</Value>
				</NamedMeasurement>
				<NamedMeasurement type="text/string" name="Completion Status">
					<Value>Completed</Value>
				</NamedMeasurement>
				<NamedMeasurement type="text/string" name="Command Line">
					<Value>/usr/bin/python3.10 "-u" "/opt/ros/iron/share/ament_cmake_test/cmake/run_test.py" "/home/labdoo/ros2_ws/build/examples_rclcpp_minimal_publisher/test_results/examples_rclcpp_minimal_publisher/copyright.xunit.xml" "--package-name" "examples_rclcpp_minimal_publisher" "--output-file" "/home/labdoo/ros2_ws/build/examples_rclcpp_minimal_publisher/ament_copyright/copyright.txt" "--command" "/opt/ros/iron/bin/ament_copyright" "--xunit-file" "/home/labdoo/ros2_ws/build/examples_rclcpp_minimal_publisher/test_results/examples_rclcpp_minimal_publisher/copyright.xunit.xml"</Value>
				</NamedMeasurement>
				<NamedMeasurement type="text/string" name="Environment">
					<Value>#CTEST_RESOURCE_GROUP_COUNT=</Value>
				</NamedMeasurement>
				<Measurement>
					<Value>-- run_test.py: invoking following command in '/home/labdoo/ros2_ws/src/examples/rclcpp/topics/minimal_publisher':
 - /opt/ros/iron/bin/ament_copyright --xunit-file /home/labdoo/ros2_ws/build/examples_rclcpp_minimal_publisher/test_results/examples_rclcpp_minimal_publisher/copyright.xunit.xml
No problems found, checked 6 files
-- run_test.py: return code 0
-- run_test.py: verify result file '/home/labdoo/ros2_ws/build/examples_rclcpp_minimal_publisher/test_results/examples_rclcpp_minimal_publisher/copyright.xunit.xml'
</Value>
				</Measurement>
			</Results>
			<Labels>
				<Label>copyright</Label>
				<Label>linter</Label>
			</Labels>
		</Test>
		<Test Status="passed">
			<Name>cppcheck</Name>
			<Path>.</Path>
			<FullName>./cppcheck</FullName>
			<FullCommandLine>/usr/bin/python3.10 "-u" "/opt/ros/iron/share/ament_cmake_test/cmake/run_test.py" "/home/labdoo/ros2_ws/build/examples_rclcpp_minimal_publisher/test_results/examples_rclcpp_minimal_publisher/cppcheck.xunit.xml" "--package-name" "examples_rclcpp_minimal_publisher" "--output-file" "/home/labdoo/ros2_ws/build/examples_rclcpp_minimal_publisher/ament_cppcheck/cppcheck.txt" "--command" "/opt/ros/iron/bin/ament_cppcheck" "--xunit-file" "/home/labdoo/ros2_ws/build/examples_rclcpp_minimal_publisher/test_results/examples_rclcpp_minimal_publisher/cppcheck.xunit.xml"</FullCommandLine>
			<Results>
				<NamedMeasurement type="numeric/double" name="Execution Time">
					<Value>0.395495</Value>
				</NamedMeasurement>
				<NamedMeasurement type="numeric/double" name="Processors">
					<Value>1</Value>
				</NamedMeasurement>
				<NamedMeasurement type="text/string" name="Completion Status">
					<Value>Completed</Value>
				</NamedMeasurement>
				<NamedMeasurement type="text/string" name="Command Line">
					<Value>/usr/bin/python3.10 "-u" "/opt/ros/iron/share/ament_cmake_test/cmake/run_test.py" "/home/labdoo/ros2_ws/build/examples_rclcpp_minimal_publisher/test_results/examples_rclcpp_minimal_publisher/cppcheck.xunit.xml" "--package-name" "examples_rclcpp_minimal_publisher" "--output-file" "/home/labdoo/ros2_ws/build/examples_rclcpp_minimal_publisher/ament_cppcheck/cppcheck.txt" "--command" "/opt/ros/iron/bin/ament_cppcheck" "--xunit-file" "/home/labdoo/ros2_ws/build/examples_rclcpp_minimal_publisher/test_results/examples_rclcpp_minimal_publisher/cppcheck.xunit.xml"</Value>
				</NamedMeasurement>
				<NamedMeasurement type="text/string" name="Environment">
					<Value>#CTEST_RESOURCE_GROUP_COUNT=</Value>
				</NamedMeasurement>
				<Measurement>
					<Value>-- run_test.py: invoking following command in '/home/labdoo/ros2_ws/src/examples/rclcpp/topics/minimal_publisher':
 - /opt/ros/iron/bin/ament_cppcheck --xunit-file /home/labdoo/ros2_ws/build/examples_rclcpp_minimal_publisher/test_results/examples_rclcpp_minimal_publisher/cppcheck.xunit.xml
cppcheck 2.7 has known performance issues and therefore will not be used, set the AMENT_CPPCHECK_ALLOW_SLOW_VERSIONS environment variable to override this.
-- run_test.py: return code 0
-- run_test.py: verify result file '/home/labdoo/ros2_ws/build/examples_rclcpp_minimal_publisher/test_results/examples_rclcpp_minimal_publisher/cppcheck.xunit.xml'
</Value>
				</Measurement>
			</Results>
			<Labels>
				<Label>cppcheck</Label>
				<Label>linter</Label>
			</Labels>
		</Test>
		<Test Status="passed">
			<Name>cpplint</Name>
			<Path>.</Path>
			<FullName>./cpplint</FullName>
			<FullCommandLine>/usr/bin/python3.10 "-u" "/opt/ros/iron/share/ament_cmake_test/cmake/run_test.py" "/home/labdoo/ros2_ws/build/examples_rclcpp_minimal_publisher/test_results/examples_rclcpp_minimal_publisher/cpplint.xunit.xml" "--package-name" "examples_rclcpp_minimal_publisher" "--output-file" "/home/labdoo/ros2_ws/build/examples_rclcpp_minimal_publisher/ament_cpplint/cpplint.txt" "--command" "/opt/ros/iron/bin/ament_cpplint" "--xunit-file" "/home/labdoo/ros2_ws/build/examples_rclcpp_minimal_publisher/test_results/examples_rclcpp_minimal_publisher/cpplint.xunit.xml"</FullCommandLine>
			<Results>
				<NamedMeasurement type="numeric/double" name="Execution Time">
					<Value>0.468809</Value>
				</NamedMeasurement>
				<NamedMeasurement type="numeric/double" name="Processors">
					<Value>1</Value>
				</NamedMeasurement>
				<NamedMeasurement type="text/string" name="Completion Status">
					<Value>Completed</Value>
				</NamedMeasurement>
				<NamedMeasurement type="text/string" name="Command Line">
					<Value>/usr/bin/python3.10 "-u" "/opt/ros/iron/share/ament_cmake_test/cmake/run_test.py" "/home/labdoo/ros2_ws/build/examples_rclcpp_minimal_publisher/test_results/examples_rclcpp_minimal_publisher/cpplint.xunit.xml" "--package-name" "examples_rclcpp_minimal_publisher" "--output-file" "/home/labdoo/ros2_ws/build/examples_rclcpp_minimal_publisher/ament_cpplint/cpplint.txt" "--command" "/opt/ros/iron/bin/ament_cpplint" "--xunit-file" "/home/labdoo/ros2_ws/build/examples_rclcpp_minimal_publisher/test_results/examples_rclcpp_minimal_publisher/cpplint.xunit.xml"</Value>
				</NamedMeasurement>
				<NamedMeasurement type="text/string" name="Environment">
					<Value>#CTEST_RESOURCE_GROUP_COUNT=</Value>
				</NamedMeasurement>
				<Measurement>
					<Value>-- run_test.py: invoking following command in '/home/labdoo/ros2_ws/src/examples/rclcpp/topics/minimal_publisher':
 - /opt/ros/iron/bin/ament_cpplint --xunit-file /home/labdoo/ros2_ws/build/examples_rclcpp_minimal_publisher/test_results/examples_rclcpp_minimal_publisher/cpplint.xunit.xml
Using '--root=..' argument

Done processing /home/labdoo/ros2_ws/src/examples/rclcpp/topics/minimal_publisher/lambda.cpp

Done processing /home/labdoo/ros2_ws/src/examples/rclcpp/topics/minimal_publisher/member_function.cpp

Done processing /home/labdoo/ros2_ws/src/examples/rclcpp/topics/minimal_publisher/member_function_with_type_adapter.cpp

Done processing /home/labdoo/ros2_ws/src/examples/rclcpp/topics/minimal_publisher/member_function_with_unique_network_flow_endpoints.cpp

Done processing /home/labdoo/ros2_ws/src/examples/rclcpp/topics/minimal_publisher/member_function_with_wait_for_all_acked.cpp

Done processing /home/labdoo/ros2_ws/src/examples/rclcpp/topics/minimal_publisher/not_composable.cpp

No problems found
-- run_test.py: return code 0
-- run_test.py: verify result file '/home/labdoo/ros2_ws/build/examples_rclcpp_minimal_publisher/test_results/examples_rclcpp_minimal_publisher/cpplint.xunit.xml'
</Value>
				</Measurement>
			</Results>
			<Labels>
				<Label>cpplint</Label>
				<Label>linter</Label>
			</Labels>
		</Test>
		<Test Status="passed">
			<Name>lint_cmake</Name>
			<Path>.</Path>
			<FullName>./lint_cmake</FullName>
			<FullCommandLine>/usr/bin/python3.10 "-u" "/opt/ros/iron/share/ament_cmake_test/cmake/run_test.py" "/home/labdoo/ros2_ws/build/examples_rclcpp_minimal_publisher/test_results/examples_rclcpp_minimal_publisher/lint_cmake.xunit.xml" "--package-name" "examples_rclcpp_minimal_publisher" "--output-file" "/home/labdoo/ros2_ws/build/examples_rclcpp_minimal_publisher/ament_lint_cmake/lint_cmake.txt" "--command" "/opt/ros/iron/bin/ament_lint_cmake" "--xunit-file" "/home/labdoo/ros2_ws/build/examples_rclcpp_minimal_publisher/test_results/examples_rclcpp_minimal_publisher/lint_cmake.xunit.xml"</FullCommandLine>
			<Results>
				<NamedMeasurement type="numeric/double" name="Execution Time">
					<Value>0.349045</Value>
				</NamedMeasurement>
				<NamedMeasurement type="numeric/double" name="Processors">
					<Value>1</Value>
				</NamedMeasurement>
				<NamedMeasurement type="text/string" name="Completion Status">
					<Value>Completed</Value>
				</NamedMeasurement>
				<NamedMeasurement type="text/string" name="Command Line">
					<Value>/usr/bin/python3.10 "-u" "/opt/ros/iron/share/ament_cmake_test/cmake/run_test.py" "/home/labdoo/ros2_ws/build/examples_rclcpp_minimal_publisher/test_results/examples_rclcpp_minimal_publisher/lint_cmake.xunit.xml" "--package-name" "examples_rclcpp_minimal_publisher" "--output-file" "/home/labdoo/ros2_ws/build/examples_rclcpp_minimal_publisher/ament_lint_cmake/lint_cmake.txt" "--command" "/opt/ros/iron/bin/ament_lint_cmake" "--xunit-file" "/home/labdoo/ros2_ws/build/examples_rclcpp_minimal_publisher/test_results/examples_rclcpp_minimal_publisher/lint_cmake.xunit.xml"</Value>
				</NamedMeasurement>
				<NamedMeasurement type="text/string" name="Environment">
					<Value>#CTEST_RESOURCE_GROUP_COUNT=</Value>
				</NamedMeasurement>
				<Measurement>
					<Value>-- run_test.py: invoking following command in '/home/labdoo/ros2_ws/src/examples/rclcpp/topics/minimal_publisher':
 - /opt/ros/iron/bin/ament_lint_cmake --xunit-file /home/labdoo/ros2_ws/build/examples_rclcpp_minimal_publisher/test_results/examples_rclcpp_minimal_publisher/lint_cmake.xunit.xml

No problems found
-- run_test.py: return code 0
-- run_test.py: verify result file '/home/labdoo/ros2_ws/build/examples_rclcpp_minimal_publisher/test_results/examples_rclcpp_minimal_publisher/lint_cmake.xunit.xml'
</Value>
				</Measurement>
			</Results>
			<Labels>
				<Label>lint_cmake</Label>
				<Label>linter</Label>
			</Labels>
		</Test>
		<Test Status="passed">
			<Name>uncrustify</Name>
			<Path>.</Path>
			<FullName>./uncrustify</FullName>
			<FullCommandLine>/usr/bin/python3.10 "-u" "/opt/ros/iron/share/ament_cmake_test/cmake/run_test.py" "/home/labdoo/ros2_ws/build/examples_rclcpp_minimal_publisher/test_results/examples_rclcpp_minimal_publisher/uncrustify.xunit.xml" "--package-name" "examples_rclcpp_minimal_publisher" "--output-file" "/home/labdoo/ros2_ws/build/examples_rclcpp_minimal_publisher/ament_uncrustify/uncrustify.txt" "--command" "/opt/ros/iron/bin/ament_uncrustify" "--xunit-file" "/home/labdoo/ros2_ws/build/examples_rclcpp_minimal_publisher/test_results/examples_rclcpp_minimal_publisher/uncrustify.xunit.xml"</FullCommandLine>
			<Results>
				<NamedMeasurement type="numeric/double" name="Execution Time">
					<Value>0.407028</Value>
				</NamedMeasurement>
				<NamedMeasurement type="numeric/double" name="Processors">
					<Value>1</Value>
				</NamedMeasurement>
				<NamedMeasurement type="text/string" name="Completion Status">
					<Value>Completed</Value>
				</NamedMeasurement>
				<NamedMeasurement type="text/string" name="Command Line">
					<Value>/usr/bin/python3.10 "-u" "/opt/ros/iron/share/ament_cmake_test/cmake/run_test.py" "/home/labdoo/ros2_ws/build/examples_rclcpp_minimal_publisher/test_results/examples_rclcpp_minimal_publisher/uncrustify.xunit.xml" "--package-name" "examples_rclcpp_minimal_publisher" "--output-file" "/home/labdoo/ros2_ws/build/examples_rclcpp_minimal_publisher/ament_uncrustify/uncrustify.txt" "--command" "/opt/ros/iron/bin/ament_uncrustify" "--xunit-file" "/home/labdoo/ros2_ws/build/examples_rclcpp_minimal_publisher/test_results/examples_rclcpp_minimal_publisher/uncrustify.xunit.xml"</Value>
				</NamedMeasurement>
				<NamedMeasurement type="text/string" name="Environment">
					<Value>#CTEST_RESOURCE_GROUP_COUNT=</Value>
				</NamedMeasurement>
				<Measurement>
					<Value>-- run_test.py: invoking following command in '/home/labdoo/ros2_ws/src/examples/rclcpp/topics/minimal_publisher':
 - /opt/ros/iron/bin/ament_uncrustify --xunit-file /home/labdoo/ros2_ws/build/examples_rclcpp_minimal_publisher/test_results/examples_rclcpp_minimal_publisher/uncrustify.xunit.xml
No code style divergence in file 'lambda.cpp'

No code style divergence in file 'member_function.cpp'

No code style divergence in file 'member_function_with_type_adapter.cpp'

No code style divergence in file 'member_function_with_unique_network_flow_endpoints.cpp'

No code style divergence in file 'member_function_with_wait_for_all_acked.cpp'

No code style divergence in file 'not_composable.cpp'

No problems found
-- run_test.py: return code 0
-- run_test.py: verify result file '/home/labdoo/ros2_ws/build/examples_rclcpp_minimal_publisher/test_results/examples_rclcpp_minimal_publisher/uncrustify.xunit.xml'
</Value>
				</Measurement>
			</Results>
			<Labels>
				<Label>linter</Label>
				<Label>uncrustify</Label>
			</Labels>
		</Test>
		<Test Status="passed">
			<Name>xmllint</Name>
			<Path>.</Path>
			<FullName>./xmllint</FullName>
			<FullCommandLine>/usr/bin/python3.10 "-u" "/opt/ros/iron/share/ament_cmake_test/cmake/run_test.py" "/home/labdoo/ros2_ws/build/examples_rclcpp_minimal_publisher/test_results/examples_rclcpp_minimal_publisher/xmllint.xunit.xml" "--package-name" "examples_rclcpp_minimal_publisher" "--output-file" "/home/labdoo/ros2_ws/build/examples_rclcpp_minimal_publisher/ament_xmllint/xmllint.txt" "--command" "/opt/ros/iron/bin/ament_xmllint" "--xunit-file" "/home/labdoo/ros2_ws/build/examples_rclcpp_minimal_publisher/test_results/examples_rclcpp_minimal_publisher/xmllint.xunit.xml"</FullCommandLine>
			<Results>
				<NamedMeasurement type="numeric/double" name="Execution Time">
					<Value>0.596516</Value>
				</NamedMeasurement>
				<NamedMeasurement type="numeric/double" name="Processors">
					<Value>1</Value>
				</NamedMeasurement>
				<NamedMeasurement type="text/string" name="Completion Status">
					<Value>Completed</Value>
				</NamedMeasurement>
				<NamedMeasurement type="text/string" name="Command Line">
					<Value>/usr/bin/python3.10 "-u" "/opt/ros/iron/share/ament_cmake_test/cmake/run_test.py" "/home/labdoo/ros2_ws/build/examples_rclcpp_minimal_publisher/test_results/examples_rclcpp_minimal_publisher/xmllint.xunit.xml" "--package-name" "examples_rclcpp_minimal_publisher" "--output-file" "/home/labdoo/ros2_ws/build/examples_rclcpp_minimal_publisher/ament_xmllint/xmllint.txt" "--command" "/opt/ros/iron/bin/ament_xmllint" "--xunit-file" "/home/labdoo/ros2_ws/build/examples_rclcpp_minimal_publisher/test_results/examples_rclcpp_minimal_publisher/xmllint.xunit.xml"</Value>
				</NamedMeasurement>
				<NamedMeasurement type="text/string" name="Environment">
					<Value>#CTEST_RESOURCE_GROUP_COUNT=</Value>
				</NamedMeasurement>
				<Measurement>
					<Value>-- run_test.py: invoking following command in '/home/labdoo/ros2_ws/src/examples/rclcpp/topics/minimal_publisher':
 - /opt/ros/iron/bin/ament_xmllint --xunit-file /home/labdoo/ros2_ws/build/examples_rclcpp_minimal_publisher/test_results/examples_rclcpp_minimal_publisher/xmllint.xunit.xml
File 'package.xml' is valid

No problems found
-- run_test.py: return code 0
-- run_test.py: verify result file '/home/labdoo/ros2_ws/build/examples_rclcpp_minimal_publisher/test_results/examples_rclcpp_minimal_publisher/xmllint.xunit.xml'
</Value>
				</Measurement>
			</Results>
			<Labels>
				<Label>linter</Label>
				<Label>xmllint</Label>
			</Labels>
		</Test>
		<EndDateTime>Mar 13 10:21 CET</EndDateTime>
		<EndTestTime>1710321693</EndTestTime>
		<ElapsedMinutes>0</ElapsedMinutes>
	</Testing>
</Site>
