<?xml version="1.0" encoding="utf-8"?><testsuites><testsuite name="pytest" errors="0" failures="0" skipped="0" tests="3" time="1.312" timestamp="2024-03-13T10:21:47.872278" hostname="labdoo-00046524"><testcase classname="examples_rclpy_minimal_subscriber.topics.minimal_subscriber.test.test_copyright" name="test_copyright" time="0.665" /><testcase classname="examples_rclpy_minimal_subscriber.topics.minimal_subscriber.test.test_flake8" name="test_flake8" time="0.398" /><testcase classname="examples_rclpy_minimal_subscriber.topics.minimal_subscriber.test.test_pep257" name="test_pep257" time="0.056" /></testsuite></testsuites>