[0.364s] Invoking command in '/home/labdoo/ros2_ws/build/examples_rclcpp_minimal_action_client': CMAKE_PREFIX_PATH=${CMAKE_PREFIX_PATH}:/opt/ros/iron:/home/labdoo/turtlebot3_ws/install/turtlebot3_teleop:/home/labdoo/turtlebot3_ws/install/turtlebot3_example:/home/labdoo/turtlebot3_ws/install/newpackage /usr/bin/cmake /home/labdoo/ros2_ws/src/examples/rclcpp/actions/minimal_action_client -DAMENT_CMAKE_SYMLINK_INSTALL=1 -DCMAKE_INSTALL_PREFIX=/home/labdoo/ros2_ws/install/examples_rclcpp_minimal_action_client
[0.621s] -- The C compiler identification is GNU 11.4.0
[0.786s] -- The CXX compiler identification is GNU 11.4.0
[0.803s] -- Detecting C compiler ABI info
[1.001s] -- Detecting C compiler ABI info - done
[1.031s] -- Check for working C compiler: /usr/bin/cc - skipped
[1.046s] -- Detecting C compile features
[1.047s] -- Detecting C compile features - done
[1.070s] -- Detecting CXX compiler ABI info
[1.482s] -- Detecting CXX compiler ABI info - done
[1.574s] -- Check for working CXX compiler: /usr/bin/c++ - skipped
[1.574s] -- Detecting CXX compile features
[1.575s] -- Detecting CXX compile features - done
[1.581s] -- Found ament_cmake: 2.0.4 (/opt/ros/iron/share/ament_cmake/cmake)
[2.109s] -- Found Python3: /usr/bin/python3.10 (found version "3.10.12") found components: Interpreter 
[2.302s] -- Override CMake install command with custom implementation using symlinks instead of copying resources
[2.436s] -- Found example_interfaces: 0.10.2 (/opt/ros/iron/share/example_interfaces/cmake)
[2.533s] -- Found rosidl_generator_c: 4.0.1 (/opt/ros/iron/share/rosidl_generator_c/cmake)
[2.563s] -- Found rosidl_generator_cpp: 4.0.1 (/opt/ros/iron/share/rosidl_generator_cpp/cmake)
[2.611s] -- Using all available rosidl_typesupport_c: rosidl_typesupport_fastrtps_c;rosidl_typesupport_introspection_c
[2.662s] -- Using all available rosidl_typesupport_cpp: rosidl_typesupport_fastrtps_cpp;rosidl_typesupport_introspection_cpp
[3.769s] -- Found rclcpp: 21.0.5 (/opt/ros/iron/share/rclcpp/cmake)
[4.111s] -- Found rmw_implementation_cmake: 7.1.0 (/opt/ros/iron/share/rmw_implementation_cmake/cmake)
[4.121s] -- Found rmw_fastrtps_cpp: 7.1.3 (/opt/ros/iron/share/rmw_fastrtps_cpp/cmake)
[4.430s] -- Found OpenSSL: /usr/lib/x86_64-linux-gnu/libcrypto.so (found version "3.0.2")  
[4.505s] -- Found FastRTPS: /opt/ros/iron/include  
[4.687s] -- Using RMW implementation 'rmw_fastrtps_cpp' as default
[5.261s] -- Found rclcpp_action: 21.0.5 (/opt/ros/iron/share/rclcpp_action/cmake)
[5.496s] -- Found ament_lint_auto: 0.14.3 (/opt/ros/iron/share/ament_lint_auto/cmake)
[6.222s] -- Added test 'copyright' to check source files copyright and LICENSE
[6.236s] -- Added test 'cppcheck' to perform static code analysis on C / C++ code
[6.241s] -- Configured cppcheck include dirs: 
[6.241s] -- Configured cppcheck exclude dirs and/or files: 
[6.247s] -- Added test 'cpplint' to check C / C++ code against the Google style
[6.248s] -- Configured cpplint exclude dirs and/or files: 
[6.253s] -- Added test 'lint_cmake' to check CMake code style
[6.278s] -- Added test 'uncrustify' to check C / C++ code style
[6.279s] -- Configured uncrustify additional arguments: 
[6.279s] -- Added test 'xmllint' to check XML markup files
[6.279s] -- Configuring done
[6.476s] -- Generating done
[6.490s] -- Build files have been written to: /home/labdoo/ros2_ws/build/examples_rclcpp_minimal_action_client
[6.584s] Invoked command in '/home/labdoo/ros2_ws/build/examples_rclcpp_minimal_action_client' returned '0': CMAKE_PREFIX_PATH=${CMAKE_PREFIX_PATH}:/opt/ros/iron:/home/labdoo/turtlebot3_ws/install/turtlebot3_teleop:/home/labdoo/turtlebot3_ws/install/turtlebot3_example:/home/labdoo/turtlebot3_ws/install/newpackage /usr/bin/cmake /home/labdoo/ros2_ws/src/examples/rclcpp/actions/minimal_action_client -DAMENT_CMAKE_SYMLINK_INSTALL=1 -DCMAKE_INSTALL_PREFIX=/home/labdoo/ros2_ws/install/examples_rclcpp_minimal_action_client
[6.586s] Invoking command in '/home/labdoo/ros2_ws/build/examples_rclcpp_minimal_action_client': CMAKE_PREFIX_PATH=${CMAKE_PREFIX_PATH}:/opt/ros/iron:/home/labdoo/turtlebot3_ws/install/turtlebot3_teleop:/home/labdoo/turtlebot3_ws/install/turtlebot3_example:/home/labdoo/turtlebot3_ws/install/newpackage /usr/bin/cmake --build /home/labdoo/ros2_ws/build/examples_rclcpp_minimal_action_client -- -j4 -l4
[7.066s] [ 12%] [32mBuilding CXX object CMakeFiles/action_client_not_composable.dir/not_composable.cpp.o[0m
[7.083s] [ 25%] [32mBuilding CXX object CMakeFiles/action_client_not_composable_with_cancel.dir/not_composable_with_cancel.cpp.o[0m
[7.108s] [ 37%] [32mBuilding CXX object CMakeFiles/action_client_member_functions.dir/member_functions.cpp.o[0m
[7.154s] [ 50%] [32mBuilding CXX object CMakeFiles/action_client_not_composable_with_feedback.dir/not_composable_with_feedback.cpp.o[0m
[63.241s] [ 62%] [32m[1mLinking CXX executable action_client_not_composable[0m
[65.713s] [ 62%] Built target action_client_not_composable
[65.843s] [ 75%] [32m[1mLinking CXX executable action_client_member_functions[0m
[67.082s] [ 75%] Built target action_client_member_functions
[67.293s] [ 87%] [32m[1mLinking CXX executable action_client_not_composable_with_cancel[0m
[67.448s] [100%] [32m[1mLinking CXX executable action_client_not_composable_with_feedback[0m
[67.701s] gmake[2]: *** Deleting file 'action_client_not_composable_with_feedback'
[67.701s] gmake[2]: *** Deleting file 'action_client_not_composable_with_cancel'
[67.701s] gmake[2]: *** wait: No child processes.  Stop.
[67.701s] gmake[2]: *** Waiting for unfinished jobs....
[67.701s] gmake[2]: *** wait: No child processes.  Stop.
[67.701s] gmake[2]: *** wait: No child processes.  Stop.
[67.702s] gmake[2]: *** Waiting for unfinished jobs....
[67.702s] gmake[2]: *** wait: No child processes.  Stop.
[67.702s] gmake[1]: *** [CMakeFiles/Makefile2:195: CMakeFiles/action_client_not_composable_with_cancel.dir/all] Error 2
[67.702s] gmake[1]: *** [CMakeFiles/Makefile2:221: CMakeFiles/action_client_not_composable_with_feedback.dir/all] Error 2
[67.709s] gmake: *** [Makefile:146: all] Interrupt
