<?xml version="1.0" encoding="utf-8"?><testsuites><testsuite name="pytest" errors="0" failures="0" skipped="1" tests="3" time="0.315" timestamp="2024-03-13T10:21:51.518765" hostname="labdoo-00046524"><testcase classname="py_pubsub.test.test_copyright" name="test_copyright" time="0.000"><skipped type="pytest.skip" message="No copyright header has been placed in the generated source file.">/home/labdoo/ros2_ws/src/py_pubsub/test/test_copyright.py:20: No copyright header has been placed in the generated source file.</skipped></testcase><testcase classname="py_pubsub.test.test_flake8" name="test_flake8" time="0.171" /><testcase classname="py_pubsub.test.test_pep257" name="test_pep257" time="0.025" /></testsuite></testsuites>