Start testing: Mar 13 10:21 CET
----------------------------------------------------------
1/4 Testing: cppcheck
1/4 Test: cppcheck
Command: "/usr/bin/python3.10" "-u" "/opt/ros/iron/share/ament_cmake_test/cmake/run_test.py" "/home/labdoo/ros2_ws/build/cpp_pubsub/test_results/cpp_pubsub/cppcheck.xunit.xml" "--package-name" "cpp_pubsub" "--output-file" "/home/labdoo/ros2_ws/build/cpp_pubsub/ament_cppcheck/cppcheck.txt" "--command" "/opt/ros/iron/bin/ament_cppcheck" "--xunit-file" "/home/labdoo/ros2_ws/build/cpp_pubsub/test_results/cpp_pubsub/cppcheck.xunit.xml"
Directory: /home/labdoo/ros2_ws/src/cpp_pubsub
"cppcheck" start time: Mar 13 10:21 CET
Output:
----------------------------------------------------------
-- run_test.py: invoking following command in '/home/labdoo/ros2_ws/src/cpp_pubsub':
 - /opt/ros/iron/bin/ament_cppcheck --xunit-file /home/labdoo/ros2_ws/build/cpp_pubsub/test_results/cpp_pubsub/cppcheck.xunit.xml
cppcheck 2.7 has known performance issues and therefore will not be used, set the AMENT_CPPCHECK_ALLOW_SLOW_VERSIONS environment variable to override this.
-- run_test.py: return code 0
-- run_test.py: verify result file '/home/labdoo/ros2_ws/build/cpp_pubsub/test_results/cpp_pubsub/cppcheck.xunit.xml'
<end of output>
Test time =   0.41 sec
----------------------------------------------------------
Test Passed.
"cppcheck" end time: Mar 13 10:21 CET
"cppcheck" time elapsed: 00:00:00
----------------------------------------------------------

2/4 Testing: lint_cmake
2/4 Test: lint_cmake
Command: "/usr/bin/python3.10" "-u" "/opt/ros/iron/share/ament_cmake_test/cmake/run_test.py" "/home/labdoo/ros2_ws/build/cpp_pubsub/test_results/cpp_pubsub/lint_cmake.xunit.xml" "--package-name" "cpp_pubsub" "--output-file" "/home/labdoo/ros2_ws/build/cpp_pubsub/ament_lint_cmake/lint_cmake.txt" "--command" "/opt/ros/iron/bin/ament_lint_cmake" "--xunit-file" "/home/labdoo/ros2_ws/build/cpp_pubsub/test_results/cpp_pubsub/lint_cmake.xunit.xml"
Directory: /home/labdoo/ros2_ws/src/cpp_pubsub
"lint_cmake" start time: Mar 13 10:21 CET
Output:
----------------------------------------------------------
-- run_test.py: invoking following command in '/home/labdoo/ros2_ws/src/cpp_pubsub':
 - /opt/ros/iron/bin/ament_lint_cmake --xunit-file /home/labdoo/ros2_ws/build/cpp_pubsub/test_results/cpp_pubsub/lint_cmake.xunit.xml

No problems found
-- run_test.py: return code 0
-- run_test.py: verify result file '/home/labdoo/ros2_ws/build/cpp_pubsub/test_results/cpp_pubsub/lint_cmake.xunit.xml'
<end of output>
Test time =   0.37 sec
----------------------------------------------------------
Test Passed.
"lint_cmake" end time: Mar 13 10:21 CET
"lint_cmake" time elapsed: 00:00:00
----------------------------------------------------------

3/4 Testing: uncrustify
3/4 Test: uncrustify
Command: "/usr/bin/python3.10" "-u" "/opt/ros/iron/share/ament_cmake_test/cmake/run_test.py" "/home/labdoo/ros2_ws/build/cpp_pubsub/test_results/cpp_pubsub/uncrustify.xunit.xml" "--package-name" "cpp_pubsub" "--output-file" "/home/labdoo/ros2_ws/build/cpp_pubsub/ament_uncrustify/uncrustify.txt" "--command" "/opt/ros/iron/bin/ament_uncrustify" "--xunit-file" "/home/labdoo/ros2_ws/build/cpp_pubsub/test_results/cpp_pubsub/uncrustify.xunit.xml"
Directory: /home/labdoo/ros2_ws/src/cpp_pubsub
"uncrustify" start time: Mar 13 10:21 CET
Output:
----------------------------------------------------------
-- run_test.py: invoking following command in '/home/labdoo/ros2_ws/src/cpp_pubsub':
 - /opt/ros/iron/bin/ament_uncrustify --xunit-file /home/labdoo/ros2_ws/build/cpp_pubsub/test_results/cpp_pubsub/uncrustify.xunit.xml
No code style divergence in file 'src/publisher_member_function.cpp'

No code style divergence in file 'src/subscriber_member_function.cpp'

No problems found
-- run_test.py: return code 0
-- run_test.py: verify result file '/home/labdoo/ros2_ws/build/cpp_pubsub/test_results/cpp_pubsub/uncrustify.xunit.xml'
<end of output>
Test time =   0.40 sec
----------------------------------------------------------
Test Passed.
"uncrustify" end time: Mar 13 10:21 CET
"uncrustify" time elapsed: 00:00:00
----------------------------------------------------------

4/4 Testing: xmllint
4/4 Test: xmllint
Command: "/usr/bin/python3.10" "-u" "/opt/ros/iron/share/ament_cmake_test/cmake/run_test.py" "/home/labdoo/ros2_ws/build/cpp_pubsub/test_results/cpp_pubsub/xmllint.xunit.xml" "--package-name" "cpp_pubsub" "--output-file" "/home/labdoo/ros2_ws/build/cpp_pubsub/ament_xmllint/xmllint.txt" "--command" "/opt/ros/iron/bin/ament_xmllint" "--xunit-file" "/home/labdoo/ros2_ws/build/cpp_pubsub/test_results/cpp_pubsub/xmllint.xunit.xml"
Directory: /home/labdoo/ros2_ws/src/cpp_pubsub
"xmllint" start time: Mar 13 10:21 CET
Output:
----------------------------------------------------------
-- run_test.py: invoking following command in '/home/labdoo/ros2_ws/src/cpp_pubsub':
 - /opt/ros/iron/bin/ament_xmllint --xunit-file /home/labdoo/ros2_ws/build/cpp_pubsub/test_results/cpp_pubsub/xmllint.xunit.xml
File 'package.xml' is valid

No problems found
-- run_test.py: return code 0
-- run_test.py: verify result file '/home/labdoo/ros2_ws/build/cpp_pubsub/test_results/cpp_pubsub/xmllint.xunit.xml'
<end of output>
Test time =   1.40 sec
----------------------------------------------------------
Test Passed.
"xmllint" end time: Mar 13 10:21 CET
"xmllint" time elapsed: 00:00:01
----------------------------------------------------------

End testing: Mar 13 10:21 CET

cppcheck =   0.41 sec*proc

lint_cmake =   0.37 sec*proc

linter =   2.58 sec*proc

uncrustify =   0.40 sec*proc

xmllint =   1.40 sec*proc

